[debug] [2023-11-05T20:53:49.245Z] ----------------------------------------------------------------------
[debug] [2023-11-05T20:53:49.246Z] Command:       /usr/local/bin/node /usr/local/bin/firebase deploy
[debug] [2023-11-05T20:53:49.246Z] CLI Version:   12.8.0
[debug] [2023-11-05T20:53:49.246Z] Platform:      linux
[debug] [2023-11-05T20:53:49.246Z] Node Version:  v20.9.0
[debug] [2023-11-05T20:53:49.246Z] Time:          Mon Nov 06 2023 02:23:49 GMT+0530 (India Standard Time)
[debug] [2023-11-05T20:53:49.246Z] ----------------------------------------------------------------------
[debug] 
[debug] [2023-11-05T20:53:49.286Z] > command requires scopes: ["email","openid","https://www.googleapis.com/auth/cloudplatformprojects.readonly","https://www.googleapis.com/auth/firebase","https://www.googleapis.com/auth/cloud-platform"]
[debug] [2023-11-05T20:53:49.286Z] > authorizing via signed-in user (admin@jakspharma.com)
[debug] [2023-11-05T20:53:49.286Z] [iam] checking project jakspharma-6ce63 for permissions ["firebase.projects.get","firebasehosting.sites.update"]
[debug] [2023-11-05T20:53:49.287Z] >>> [apiv2][query] POST https://cloudresourcemanager.googleapis.com/v1/projects/jakspharma-6ce63:testIamPermissions [none]
[debug] [2023-11-05T20:53:49.288Z] >>> [apiv2][(partial)header] POST https://cloudresourcemanager.googleapis.com/v1/projects/jakspharma-6ce63:testIamPermissions x-goog-quota-user=projects/jakspharma-6ce63
[debug] [2023-11-05T20:53:49.288Z] >>> [apiv2][body] POST https://cloudresourcemanager.googleapis.com/v1/projects/jakspharma-6ce63:testIamPermissions {"permissions":["firebase.projects.get","firebasehosting.sites.update"]}
[debug] [2023-11-05T20:53:49.313Z] *** [apiv2] error from fetch(https://cloudresourcemanager.googleapis.com/v1/projects/jakspharma-6ce63:testIamPermissions, {"headers":{},"method":"POST","body":"{\"permissions\":[\"firebase.projects.get\",\"firebasehosting.sites.update\"]}"}): FetchError: request to https://cloudresourcemanager.googleapis.com/v1/projects/jakspharma-6ce63:testIamPermissions failed, reason: getaddrinfo EAI_AGAIN cloudresourcemanager.googleapis.com
[debug] [2023-11-05T20:53:49.313Z] [iam] error while checking permissions, command may fail: FirebaseError: Failed to make request to https://cloudresourcemanager.googleapis.com/v1/projects/jakspharma-6ce63:testIamPermissions
[debug] [2023-11-05T20:53:49.314Z] >>> [apiv2][query] GET https://firebase.googleapis.com/v1beta1/projects/jakspharma-6ce63 [none]
[debug] [2023-11-05T20:53:49.317Z] *** [apiv2] error from fetch(https://firebase.googleapis.com/v1beta1/projects/jakspharma-6ce63, {"headers":{},"method":"GET","signal":{}}): FetchError: request to https://firebase.googleapis.com/v1beta1/projects/jakspharma-6ce63 failed, reason: getaddrinfo EAI_AGAIN firebase.googleapis.com
[debug] [2023-11-05T20:53:49.317Z] Failed to make request to https://firebase.googleapis.com/v1beta1/projects/jakspharma-6ce63 (original: request to https://firebase.googleapis.com/v1beta1/projects/jakspharma-6ce63 failed, reason: getaddrinfo EAI_AGAIN firebase.googleapis.com)
[debug] [2023-11-05T20:53:49.319Z] FirebaseError: Failed to make request to https://firebase.googleapis.com/v1beta1/projects/jakspharma-6ce63
    at RetryOperation._fn (/usr/local/lib/node_modules/firebase-tools/lib/apiv2.js:239:31)
    at process.processTicksAndRejections (node:internal/process/task_queues:95:5)
[error] 
[error] Error: Failed to get Firebase project jakspharma-6ce63. Please make sure the project exists and your account has permission to access it.
